Added Component: Designator=C1(0805_CAP)
Added Component: Designator=C2(0805_CAP)
Added Component: Designator=C3(0805_CAP)
Added Component: Designator=C4(0805_CAP)
Added Component: Designator=C5(0805_CAP)
Added Component: Designator=C6(0805_CAP)
Added Component: Designator=C7(0805_CAP)
Added Component: Designator=C8(0805_CAP)
Added Component: Designator=P1(HDR2X2)
Added Component: Designator=P2(HDR1X2)
Added Component: Designator=P3(HDR2X5)
Added Component: Designator=P4(HDR1X2)
Added Component: Designator=P5(HDR1X2)
Added Component: Designator=Q1(SOT23)
Added Component: Designator=R1(0805_RES)
Added Component: Designator=R2(0805_RES)
Added Component: Designator=R3(0805_RES)
Added Component: Designator=R4(0805_RES)
Added Component: Designator=R5(0805_RES)
Added Component: Designator=R6(0805_RES)
Added Component: Designator=R7(0805_RES)
Added Component: Designator=R8(0805_RES)
Added Component: Designator=R9(0805_RES)
Added Component: Designator=R10(0805_RES)
Added Component: Designator=R11(0805_RES)
Added Component: Designator=R12(0805_RES)
Added Component: Designator=R13(0805_RES)
Added Component: Designator=U1(TCRT5000)
Added Component: Designator=U2(TCRT5000)
Added Component: Designator=U3(TCRT5000)
Added Component: Designator=U4(TCRT5000)
Added Component: Designator=U5(TCRT5000)
Added Component: Designator=U6(TCRT5000)
Added Component: Designator=U7(TCRT5000)
Added Component: Designator=U8(TCRT5000)
Added Component: Designator=U9(TQFP48_LPC1343)
Added Component: Designator=VR1(SOT-223 - M3)
Added Component: Designator=Y2(SX6035)
Added Pin To Net: NetName=3V3 Pin=C3-2
Added Pin To Net: NetName=3V3 Pin=C4-2
Added Pin To Net: NetName=3V3 Pin=C5-2
Added Pin To Net: NetName=3V3 Pin=C6-2
Added Pin To Net: NetName=3V3 Pin=P3-1
Added Pin To Net: NetName=3V3 Pin=R1-1
Added Pin To Net: NetName=3V3 Pin=R2-1
Added Pin To Net: NetName=3V3 Pin=R3-1
Added Pin To Net: NetName=3V3 Pin=R4-1
Added Pin To Net: NetName=3V3 Pin=R5-1
Added Pin To Net: NetName=3V3 Pin=R7-1
Added Pin To Net: NetName=3V3 Pin=R8-1
Added Pin To Net: NetName=3V3 Pin=R9-1
Added Pin To Net: NetName=3V3 Pin=R10-1
Added Pin To Net: NetName=3V3 Pin=R11-2
Added Pin To Net: NetName=3V3 Pin=U9-8
Added Pin To Net: NetName=3V3 Pin=U9-44
Added Pin To Net: NetName=3V3 Pin=VR1-2
Added Pin To Net: NetName=3V3 Pin=VR1-2
Added Net: Name=3V3
Added Pin To Net: NetName=\RESET Pin=C1-2
Added Pin To Net: NetName=\RESET Pin=P3-10
Added Pin To Net: NetName=\RESET Pin=R11-1
Added Pin To Net: NetName=\RESET Pin=U9-3
Added Net: Name=\RESET
Added Pin To Net: NetName=GND Pin=C1-1
Added Pin To Net: NetName=GND Pin=C2-1
Added Pin To Net: NetName=GND Pin=C3-1
Added Pin To Net: NetName=GND Pin=C4-1
Added Pin To Net: NetName=GND Pin=C5-1
Added Pin To Net: NetName=GND Pin=C6-1
Added Pin To Net: NetName=GND Pin=C7-1
Added Pin To Net: NetName=GND Pin=C8-2
Added Pin To Net: NetName=GND Pin=P1-3
Added Pin To Net: NetName=GND Pin=P2-2
Added Pin To Net: NetName=GND Pin=P3-3
Added Pin To Net: NetName=GND Pin=P3-5
Added Pin To Net: NetName=GND Pin=P3-7
Added Pin To Net: NetName=GND Pin=P3-9
Added Pin To Net: NetName=GND Pin=P5-1
Added Pin To Net: NetName=GND Pin=Q1-2
Added Pin To Net: NetName=GND Pin=R6-2
Added Pin To Net: NetName=GND Pin=U1-3
Added Pin To Net: NetName=GND Pin=U2-3
Added Pin To Net: NetName=GND Pin=U3-3
Added Pin To Net: NetName=GND Pin=U4-3
Added Pin To Net: NetName=GND Pin=U5-3
Added Pin To Net: NetName=GND Pin=U6-3
Added Pin To Net: NetName=GND Pin=U7-3
Added Pin To Net: NetName=GND Pin=U8-3
Added Pin To Net: NetName=GND Pin=U9-5
Added Pin To Net: NetName=GND Pin=U9-41
Added Pin To Net: NetName=GND Pin=VR1-1
Added Pin To Net: NetName=GND Pin=Y2-2
Added Pin To Net: NetName=GND Pin=Y2-4
Added Net: Name=GND
Added Pin To Net: NetName=LEDON Pin=R12-2
Added Pin To Net: NetName=LEDON Pin=U1-4
Added Pin To Net: NetName=LEDON Pin=U2-4
Added Pin To Net: NetName=LEDON Pin=U3-4
Added Pin To Net: NetName=LEDON Pin=U4-4
Added Pin To Net: NetName=LEDON Pin=U5-4
Added Pin To Net: NetName=LEDON Pin=U6-4
Added Pin To Net: NetName=LEDON Pin=U7-4
Added Pin To Net: NetName=LEDON Pin=U8-4
Added Net: Name=LEDON
Added Pin To Net: NetName=LPC13_RXD Pin=P1-2
Added Pin To Net: NetName=LPC13_RXD Pin=U9-46
Added Net: Name=LPC13_RXD
Added Pin To Net: NetName=LPC13_TXD Pin=P1-4
Added Pin To Net: NetName=LPC13_TXD Pin=U9-47
Added Net: Name=LPC13_TXD
Added Pin To Net: NetName=NetP4_1 Pin=P4-1
Added Pin To Net: NetName=NetP4_1 Pin=R5-2
Added Net: Name=NetP4_1
Added Pin To Net: NetName=NetQ1_1 Pin=Q1-1
Added Pin To Net: NetName=NetQ1_1 Pin=R13-2
Added Net: Name=NetQ1_1
Added Pin To Net: NetName=NetQ1_3 Pin=Q1-3
Added Pin To Net: NetName=NetQ1_3 Pin=R12-1
Added Net: Name=NetQ1_3
Added Pin To Net: NetName=PIO0_1 Pin=U9-4
Added Net: Name=PIO0_1
Added Pin To Net: NetName=PIO0_2 Pin=U9-10
Added Net: Name=PIO0_2
Added Pin To Net: NetName=PIO0_3 Pin=P4-2
Added Pin To Net: NetName=PIO0_3 Pin=R6-1
Added Pin To Net: NetName=PIO0_3 Pin=U9-14
Added Net: Name=PIO0_3
Added Pin To Net: NetName=PIO0_4 Pin=U9-15
Added Net: Name=PIO0_4
Added Pin To Net: NetName=PIO0_5 Pin=U9-16
Added Net: Name=PIO0_5
Added Pin To Net: NetName=PIO0_6 Pin=U9-22
Added Net: Name=PIO0_6
Added Pin To Net: NetName=PIO0_7 Pin=U9-23
Added Net: Name=PIO0_7
Added Pin To Net: NetName=PIO0_8 Pin=U9-27
Added Net: Name=PIO0_8
Added Pin To Net: NetName=PIO0_9 Pin=P2-1
Added Pin To Net: NetName=PIO0_9 Pin=P3-6
Added Pin To Net: NetName=PIO0_9 Pin=U9-28
Added Net: Name=PIO0_9
Added Pin To Net: NetName=PIO0_10 Pin=P3-4
Added Pin To Net: NetName=PIO0_10 Pin=U9-29
Added Net: Name=PIO0_10
Added Pin To Net: NetName=PIO0_11 Pin=U9-32
Added Net: Name=PIO0_11
Added Pin To Net: NetName=PIO1_0 Pin=R1-2
Added Pin To Net: NetName=PIO1_0 Pin=U1-2
Added Pin To Net: NetName=PIO1_0 Pin=U9-33
Added Net: Name=PIO1_0
Added Pin To Net: NetName=PIO1_1 Pin=R2-2
Added Pin To Net: NetName=PIO1_1 Pin=U2-2
Added Pin To Net: NetName=PIO1_1 Pin=U9-34
Added Net: Name=PIO1_1
Added Pin To Net: NetName=PIO1_2 Pin=R3-2
Added Pin To Net: NetName=PIO1_2 Pin=U3-2
Added Pin To Net: NetName=PIO1_2 Pin=U9-35
Added Net: Name=PIO1_2
Added Pin To Net: NetName=PIO1_3 Pin=P3-2
Added Pin To Net: NetName=PIO1_3 Pin=R4-2
Added Pin To Net: NetName=PIO1_3 Pin=U4-2
Added Pin To Net: NetName=PIO1_3 Pin=U9-39
Added Net: Name=PIO1_3
Added Pin To Net: NetName=PIO1_4 Pin=R7-2
Added Pin To Net: NetName=PIO1_4 Pin=U5-2
Added Pin To Net: NetName=PIO1_4 Pin=U9-40
Added Net: Name=PIO1_4
Added Pin To Net: NetName=PIO1_5 Pin=R10-2
Added Pin To Net: NetName=PIO1_5 Pin=U8-2
Added Pin To Net: NetName=PIO1_5 Pin=U9-45
Added Net: Name=PIO1_5
Added Pin To Net: NetName=PIO1_8 Pin=U9-9
Added Net: Name=PIO1_8
Added Pin To Net: NetName=PIO1_9 Pin=U9-17
Added Net: Name=PIO1_9
Added Pin To Net: NetName=PIO1_10 Pin=R8-2
Added Pin To Net: NetName=PIO1_10 Pin=U6-2
Added Pin To Net: NetName=PIO1_10 Pin=U9-30
Added Net: Name=PIO1_10
Added Pin To Net: NetName=PIO1_11 Pin=R9-2
Added Pin To Net: NetName=PIO1_11 Pin=U7-2
Added Pin To Net: NetName=PIO1_11 Pin=U9-42
Added Net: Name=PIO1_11
Added Pin To Net: NetName=PIO2_0 Pin=U9-2
Added Net: Name=PIO2_0
Added Pin To Net: NetName=PIO2_1 Pin=U9-13
Added Net: Name=PIO2_1
Added Pin To Net: NetName=PIO2_2 Pin=U9-26
Added Net: Name=PIO2_2
Added Pin To Net: NetName=PIO2_3 Pin=U9-38
Added Net: Name=PIO2_3
Added Pin To Net: NetName=PIO2_4 Pin=U9-19
Added Net: Name=PIO2_4
Added Pin To Net: NetName=PIO2_5 Pin=U9-20
Added Net: Name=PIO2_5
Added Pin To Net: NetName=PIO2_6 Pin=U9-1
Added Net: Name=PIO2_6
Added Pin To Net: NetName=PIO2_7 Pin=U9-11
Added Net: Name=PIO2_7
Added Pin To Net: NetName=PIO2_8 Pin=U9-12
Added Net: Name=PIO2_8
Added Pin To Net: NetName=PIO2_9 Pin=U9-24
Added Net: Name=PIO2_9
Added Pin To Net: NetName=PIO2_10 Pin=U9-25
Added Net: Name=PIO2_10
Added Pin To Net: NetName=PIO2_11 Pin=U9-31
Added Net: Name=PIO2_11
Added Pin To Net: NetName=PIO3_0 Pin=U9-36
Added Net: Name=PIO3_0
Added Pin To Net: NetName=PIO3_1 Pin=U9-37
Added Net: Name=PIO3_1
Added Pin To Net: NetName=PIO3_2 Pin=U9-43
Added Net: Name=PIO3_2
Added Pin To Net: NetName=PIO3_3 Pin=U9-48
Added Net: Name=PIO3_3
Added Pin To Net: NetName=PIO3_4 Pin=U9-18
Added Net: Name=PIO3_4
Added Pin To Net: NetName=PIO3_5 Pin=U9-21
Added Net: Name=PIO3_5
Added Pin To Net: NetName=VCC Pin=C2-2
Added Pin To Net: NetName=VCC Pin=P1-1
Added Pin To Net: NetName=VCC Pin=P5-2
Added Pin To Net: NetName=VCC Pin=U1-1
Added Pin To Net: NetName=VCC Pin=U2-1
Added Pin To Net: NetName=VCC Pin=U3-1
Added Pin To Net: NetName=VCC Pin=U4-1
Added Pin To Net: NetName=VCC Pin=U5-1
Added Pin To Net: NetName=VCC Pin=U6-1
Added Pin To Net: NetName=VCC Pin=U7-1
Added Pin To Net: NetName=VCC Pin=U8-1
Added Pin To Net: NetName=VCC Pin=VR1-3
Added Net: Name=VCC
Added Pin To Net: NetName=XTALIN Pin=C7-2
Added Pin To Net: NetName=XTALIN Pin=U9-6
Added Pin To Net: NetName=XTALIN Pin=Y2-1
Added Net: Name=XTALIN
Added Pin To Net: NetName=XTALOUT Pin=C8-1
Added Pin To Net: NetName=XTALOUT Pin=U9-7
Added Pin To Net: NetName=XTALOUT Pin=Y2-3
Added Net: Name=XTALOUT
Added Class: Name=Seguidordelinea
